This is XeTeX, Version 3.141592653-2.6-0.999994 (MiKTeX 22.3) (preloaded format=xelatex 2022.6.15)  28 SEP 2023 00:20
entering extended mode
 restricted \write18 enabled.
 file:line:error style messages enabled.
 %&-line parsing enabled.
**./cover.tex
(cover.tex
LaTeX2e <2021-11-15> patch level 1
L3 programming layer <2022-05-04>)
! Emergency stop.
<*> ./cover.tex
               
*** (job aborted, no legal \end found)

 
Here is how much of TeX's memory you used:
 16 strings out of 410921
 294 string characters out of 2826935
 298623 words of memory out of 3000000
 20895 multiletter control sequences out of 15000+600000
 469259 words of font info for 28 fonts, out of 8000000 for 9000
 1348 hyphenation exceptions out of 8191
 12i,0n,12p,43b,10s stack positions out of 10000i,1000n,20000p,200000b,80000s
No pages of output.
